<?xml version="1.0" encoding="UTF-8"?>
<!-- Generated by org.testng.reporters.JUnitXMLReporter -->
<testsuite ignored="0" hostname="manikandan-ravi-Yoga-7-16IRL8" failures="0" tests="2" name="Testing the Google search engine using direct data by calling detailed method in page class" time="4.669" errors="0" timestamp="2024-01-23T15:25:27 EST">
  <testcase classname="com.clover.solution.ui.test.TC002_check_the_search_engine_Google_Normal" name="TC002_check_the_search_engine_Google_Normal1" time="2.808"/>
  <testcase classname="com.clover.solution.ui.test.TC002_check_the_search_engine_Google_Normal" name="TC003_check_the_search_engine_Google_type2" time="1.811"/>
</testsuite> <!-- Testing the Google search engine using direct data by calling detailed method in page class -->
