<?xml version="1.0" encoding="UTF-8"?>
<!-- Generated by org.testng.reporters.JUnitXMLReporter -->
<testsuite ignored="0" hostname="manikandan-ravi-Yoga-7-16IRL8" failures="0" tests="1" name="Testing the Google search engine using JSON data file as source" time="5.328" errors="0" timestamp="2024-01-23T15:25:22 EST">
  <testcase classname="com.clover.solution.ui.test.TC001_check_the_search_engine_google_JSON" name="TC001_check_the_search_engine_google_JSON" time="4.135"/>
</testsuite> <!-- Testing the Google search engine using JSON data file as source -->
