<?xml version="1.0" encoding="UTF-8"?>
<!-- Generated by org.testng.reporters.JUnitXMLReporter -->
<testsuite ignored="0" hostname="manikandan-ravi-Yoga-7-16IRL8" failures="1" tests="2" name="Testing the Bing search engine using Excel data file as source" time="0.232" errors="0" timestamp="2024-01-23T15:23:50 EST">
  <testcase classname="com.clover.solution.ui.test.TC004_check_the_search_engine_bing_exceldata" name="TC004_check_the_search_engine_bing_excel" time="0.01">
    <skipped/>
  </testcase> <!-- TC004_check_the_search_engine_bing_excel -->
  <testcase classname="com.clover.solution.ui.test.TC004_check_the_search_engine_bing_exceldata" name="TC004_check_the_search_engine_bing_excel" time="0.002">
    <failure type="java.lang.NoClassDefFoundError" message="org/apache/commons/io/output/UnsynchronizedByteArrayOutputStream">
      <![CDATA[java.lang.NoClassDefFoundError: org/apache/commons/io/output/UnsynchronizedByteArrayOutputStream
at com.clover.solution.ui.reader.excelReader.ExcelDataReader(excelReader.java:55)
at com.clover.solution.ui.reader.excelReader.getExcelData(excelReader.java:40)
at com.clover.solution.ui.test.BaseTest.excelFileReader(BaseTest.java:84)
at com.clover.solution.ui.test.TC004_check_the_search_engine_bing_exceldata.TC004_check_the_search_engine_bing_excel(TC004_check_the_search_engine_bing_exceldata.java:50)
at java.base/java.util.ArrayList.forEach(ArrayList.java:1511)
Caused by: java.lang.ClassNotFoundException: org.apache.commons.io.output.UnsynchronizedByteArrayOutputStream
at java.base/jdk.internal.loader.BuiltinClassLoader.loadClass(BuiltinClassLoader.java:641)
at java.base/jdk.internal.loader.ClassLoaders$AppClassLoader.loadClass(ClassLoaders.java:188)
at java.base/java.lang.ClassLoader.loadClass(ClassLoader.java:525)
... 32 more
... Removed 27 stack frames]]>
    </failure>
  </testcase> <!-- TC004_check_the_search_engine_bing_excel -->
</testsuite> <!-- Testing the Bing search engine using Excel data file as source -->
