<?xml version="1.0" encoding="UTF-8"?>
<!-- Generated by org.testng.reporters.JUnitXMLReporter -->
<testsuite ignored="0" hostname="manikandan-ravi-Yoga-7-16IRL8" failures="0" tests="1" name="Testing the Google search engine using the declared method in page class from test" time="2.845" errors="0" timestamp="2024-01-23T15:25:30 EST">
  <testcase classname="com.clover.solution.ui.test.TC003_check_the_search_engine_Google_type2" name="TC003_check_the_search_engine_Google_type" time="2.809"/>
</testsuite> <!-- Testing the Google search engine using the declared method in page class from test -->
