<?xml version="1.0" encoding="UTF-8"?>
<!-- Generated by org.testng.reporters.JUnitXMLReporter -->
<testsuite ignored="0" hostname="manikandan-ravi-Yoga-7-16IRL8" failures="1" tests="2" name="Testing the clover site login, validate and navigating to pricing page and valdiate" time="64.427" errors="0" timestamp="2024-01-23T15:23:50 EST">
  <testcase classname="com.clover.solution.ui.test.TC004_check_the_Clover_Site" name="TC004_check_the_Clover_Site_JSON" time="32.35">
    <skipped/>
  </testcase> <!-- TC004_check_the_Clover_Site_JSON -->
  <testcase classname="com.clover.solution.ui.test.TC004_check_the_Clover_Site" name="TC004_check_the_Clover_Site_JSON" time="31.834">
    <failure type="java.lang.NullPointerException" message="Cannot invoke &amp;quot;java.lang.CharSequence.toString()&amp;quot; because &amp;quot;s&amp;quot; is null">
      <![CDATA[java.lang.NullPointerException: Cannot invoke "java.lang.CharSequence.toString()" because "s" is null
at java.base/java.lang.String.contains(String.java:2856)
at com.clover.solution.ui.page.BasePage.assertPageTitleContains(BasePage.java:373)
at com.clover.solution.ui.page.CloverPage.cloverSiteCheck(CloverPage.java:41)
at com.clover.solution.ui.test.TC004_check_the_Clover_Site.TC004_check_the_Clover_Site_JSON(TC004_check_the_Clover_Site.java:59)
at java.base/java.util.ArrayList.forEach(ArrayList.java:1511)
... Removed 27 stack frames]]>
    </failure>
  </testcase> <!-- TC004_check_the_Clover_Site_JSON -->
</testsuite> <!-- Testing the clover site login, validate and navigating to pricing page and valdiate -->
